__build/firebase_core/outputs/logs/manifest-merger-debug-report.txt
-- Merging decision tree log ---
manifest
ADDED from src\main\AndroidManifest.xml:1:1-9:12
INJECTED from src\main\AndroidManifest.xml:1:1-9:12
INJECTED from src\main\AndroidManifest.xml:1:1-9:12
	package
		ADDED from src\main\AndroidManifest.xml:2:3-45
		INJECTED from src\main\AndroidManifest.xml
		INJECTED from src\main\AndroidManifest.xml
	xmlns:android
		ADDED from src\main\AndroidManifest.xml:1:11-69
application
ADDED from src\main\AndroidManifest.xml:3:5-8:19
service#com.google.firebase.components.ComponentDiscoveryService
ADDED from src\main\AndroidManifest.xml:4:5-7:15
	android:name
		ADDED from src\main\AndroidManifest.xml:4:14-85
meta-data#com.google.firebase.components:io.flutter.plugins.firebase.core.FlutterFirebaseAppRegistrar
ADDED from src\main\AndroidManifest.xml:5:9-6:88
	android:value
		ADDED from src\main\AndroidManifest.xml:6:20-85
	android:name
		ADDED from src\main\AndroidManifest.xml:5:20-126
uses-sdk
INJECTED from src\main\AndroidManifest.xml reason: use-sdk injection requested
INJECTED from src\main\AndroidManifest.xml
INJECTED from src\main\AndroidManifest.xml
	android:minSdkVersion
		INJECTED from src\main\AndroidManifest.xml
		ADDED from src\main\AndroidManifest.xml
		INJECTED from src\main\AndroidManifest.xml